C:\USERS\ADMIN\DOCUMENTS\VISUAL STUDIO 2012\PROJECTS\PROJECT1\PROJECT1\DEBUG\MAIN.OBJ
C:\USERS\ADMIN\DOCUMENTS\VISUAL STUDIO 2012\PROJECTS\PROJECT1\PROJECT1\DEBUG\VC110.PDB
C:\USERS\ADMIN\DOCUMENTS\VISUAL STUDIO 2012\PROJECTS\PROJECT1\DEBUG\WINPCAPPROJECT1.ILK
C:\USERS\ADMIN\DOCUMENTS\VISUAL STUDIO 2012\PROJECTS\PROJECT1\DEBUG\WINPCAPPROJECT1.EXE
C:\USERS\ADMIN\DOCUMENTS\VISUAL STUDIO 2012\PROJECTS\PROJECT1\DEBUG\WINPCAPPROJECT1.PDB
C:\Users\admin\Documents\Visual Studio 2012\Projects\Project1\Project1\Debug\Main.obj
C:\Users\admin\Documents\Visual Studio 2012\Projects\Project1\Project1\Debug\cl.command.1.tlog
C:\Users\admin\Documents\Visual Studio 2012\Projects\Project1\Project1\Debug\CL.read.1.tlog
C:\Users\admin\Documents\Visual Studio 2012\Projects\Project1\Project1\Debug\CL.write.1.tlog
C:\Users\admin\Documents\Visual Studio 2012\Projects\Project1\Project1\Debug\link-cvtres.read.1.tlog
C:\Users\admin\Documents\Visual Studio 2012\Projects\Project1\Project1\Debug\link-cvtres.write.1.tlog
C:\Users\admin\Documents\Visual Studio 2012\Projects\Project1\Project1\Debug\link-mt.read.1.tlog
C:\Users\admin\Documents\Visual Studio 2012\Projects\Project1\Project1\Debug\link-mt.write.1.tlog
C:\Users\admin\Documents\Visual Studio 2012\Projects\Project1\Project1\Debug\link-rc.read.1.tlog
C:\Users\admin\Documents\Visual Studio 2012\Projects\Project1\Project1\Debug\link-rc.write.1.tlog
C:\Users\admin\Documents\Visual Studio 2012\Projects\Project1\Project1\Debug\link.command.1.tlog
C:\Users\admin\Documents\Visual Studio 2012\Projects\Project1\Project1\Debug\link.read.1.tlog
C:\Users\admin\Documents\Visual Studio 2012\Projects\Project1\Project1\Debug\link.write.1.tlog
C:\Users\admin\Documents\Visual Studio 2012\Projects\Project1\Project1\Debug\vc110.idb
C:\Users\admin\Documents\Visual Studio 2012\Projects\Project1\Project1\Debug\vc110.pdb
C:\Users\admin\Documents\Visual Studio 2012\Projects\Project1\Debug\WinPcapProject1.pdb
C:\Users\admin\Documents\Visual Studio 2012\Projects\Project1\Debug\WinPcapProject1.exe
C:\Users\admin\Documents\Visual Studio 2012\Projects\Project1\Debug\WinPcapProject1.ilk
